DIM[0]: 0, 9930
[Mem] make_module: 0
[Mem] make_program_groups: 0
[Mem] make_pipeline: 0
[Mem] make_sbt: 2
[Mem] initialize_params: 10
Input file: /home/wzm/dbscan/dbscan-stream/dataset/stock.txt
Data num: 1048572
Window size: 100000, Stride size: 10000, K: 2
Radius: 0.07, Radius2: 0.0049
Cell length: 0.0404145
Cell count: 245704, Cell count: 1, Cell count: 1, 
OPTIMIZATION_LEVEL: 9
Final GAS size: 3.571045 MB
[Info] Total stride num: 94
[Info] checking
[Step] Finish sliding the window...
[Step] Warmup 0
Input file: /home/wzm/dbscan/dbscan-stream/dataset/stock.txt
Data num: 1048572
Window size: 100000, Stride size: 10000, K: 2
Radius: 0.07, Radius2: 0.0049
Cell length: 0.0404145
Cell count: 245704, Cell count: 1, Cell count: 1, 
OPTIMIZATION_LEVEL: 9
Final GAS size: 3.571045 MB
[Info] Total stride num: 94
[Info] checking
[Step] Finish sliding the window...
[Step] Warmup 1
Input file: /home/wzm/dbscan/dbscan-stream/dataset/stock.txt
Data num: 1048572
Window size: 100000, Stride size: 10000, K: 2
Radius: 0.07, Radius2: 0.0049
Cell length: 0.0404145
Cell count: 245704, Cell count: 1, Cell count: 1, 
OPTIMIZATION_LEVEL: 9
Final GAS size: 3.571045 MB
[Info] Total stride num: 94
[Info] checking
[Step] Finish sliding the window...
[Step] Warmup 2
Input file: /home/wzm/dbscan/dbscan-stream/dataset/stock.txt
Data num: 1048572
Window size: 100000, Stride size: 10000, K: 2
Radius: 0.07, Radius2: 0.0049
Cell length: 0.0404145
Cell count: 245704, Cell count: 1, Cell count: 1, 
OPTIMIZATION_LEVEL: 9
Final GAS size: 3.571045 MB
[Info] Total stride num: 94
[Info] checking
[Step] Finish sliding the window...
[Step] Warmup 3
Input file: /home/wzm/dbscan/dbscan-stream/dataset/stock.txt
Data num: 1048572
Window size: 100000, Stride size: 10000, K: 2
Radius: 0.07, Radius2: 0.0049
Cell length: 0.0404145
Cell count: 245704, Cell count: 1, Cell count: 1, 
OPTIMIZATION_LEVEL: 9
Final GAS size: 3.571045 MB
[Info] Total stride num: 94
[Info] checking
[Step] Finish sliding the window...
[Step] Warmup 4
Input file: /home/wzm/dbscan/dbscan-stream/dataset/stock.txt
Data num: 1048572
Window size: 100000, Stride size: 10000, K: 2
Radius: 0.07, Radius2: 0.0049
Cell length: 0.0404145
Cell count: 245704, Cell count: 1, Cell count: 1, 
OPTIMIZATION_LEVEL: 9
Final GAS size: 3.571045 MB
[Info] Total stride num: 94
[Info] checking
[Step] Finish sliding the window...
[Step] Warmup 5
Input file: /home/wzm/dbscan/dbscan-stream/dataset/stock.txt
Data num: 1048572
Window size: 100000, Stride size: 10000, K: 2
Radius: 0.07, Radius2: 0.0049
Cell length: 0.0404145
Cell count: 245704, Cell count: 1, Cell count: 1, 
OPTIMIZATION_LEVEL: 9
Final GAS size: 3.571045 MB
[Info] Total stride num: 94
[Info] checking
[Step] Finish sliding the window...
[Step] Warmup 6
Input file: /home/wzm/dbscan/dbscan-stream/dataset/stock.txt
Data num: 1048572
Window size: 100000, Stride size: 10000, K: 2
Radius: 0.07, Radius2: 0.0049
Cell length: 0.0404145
Cell count: 245704, Cell count: 1, Cell count: 1, 
OPTIMIZATION_LEVEL: 9
Final GAS size: 3.571045 MB
[Info] Total stride num: 94
[Info] checking
[Step] Finish sliding the window...
[Step] Warmup 7
Input file: /home/wzm/dbscan/dbscan-stream/dataset/stock.txt
Data num: 1048572
Window size: 100000, Stride size: 10000, K: 2
Radius: 0.07, Radius2: 0.0049
Cell length: 0.0404145
Cell count: 245704, Cell count: 1, Cell count: 1, 
OPTIMIZATION_LEVEL: 9
Final GAS size: 3.571045 MB
[Info] Total stride num: 94
[Info] checking
[Step] Finish sliding the window...
[Step] Warmup 8
Input file: /home/wzm/dbscan/dbscan-stream/dataset/stock.txt
Data num: 1048572
Window size: 100000, Stride size: 10000, K: 2
Radius: 0.07, Radius2: 0.0049
Cell length: 0.0404145
Cell count: 245704, Cell count: 1, Cell count: 1, 
OPTIMIZATION_LEVEL: 9
Final GAS size: 3.571045 MB
[Info] Total stride num: 94
[Info] checking
[Step] Finish sliding the window...
[Step] Warmup 9
Input file: /home/wzm/dbscan/dbscan-stream/dataset/stock.txt
Data num: 1048572
Window size: 100000, Stride size: 10000, K: 2
Radius: 0.07, Radius2: 0.0049
Cell length: 0.0404145
Cell count: 245704, Cell count: 1, Cell count: 1, 
OPTIMIZATION_LEVEL: 9
Final GAS size: 3.571045 MB
[Info] Total stride num: 94
[Step] Finish sliding the window...

###########   Time  ##########
[Time] out_stride_bvh: 0 ms
[Time] out_stride_ray: 0 ms
[Time] in_stride_bvh: 0 ms
[Time] in_stride_ray: 0 ms
[Time] input_data: 0.0195806 ms
[Time] update_grid: 0.626725 ms
[Time]  update_h_point_cell_id: 0.150793 ms
[Time]  sort_h_point_cell_id: 0.211652 ms
[Time]   sort_new_stride: 0.20566 ms
[Time]  merge_pos_arr: 0.264023 ms
[Time] early_cluster: 0.157079 ms
[Time]  set_sparse_spheres: 0 ms
[Time]  set_dense_spheres: 0 ms
[Time]  compute_offsets: 0.133503 ms
[Time]  count_sparse_points: 0.0159445 ms
[Time] build_bvh: 0.031211 ms
[Time] gen_aabb: 0.00221545 ms
[Time] find_cores: 0.0117084 ms
[Time] set_label: 0.00493476 ms
[Time] hybrid_sphere: 0 ms
[Time] build_hybrid_bvh: 0 ms
[Time] set_cluster_id: 0.00963576 ms
[Time] union_cluster_id: 0.309487 ms
[Time] free_cell_points: 0 ms
[Time] pre_process: 1.09051 ms
[Time] total: 1.40973 ms

[Time] cpu_cluter_total: 0 ms
[Time] cuda_cluter_total: 0 ms
[Time] cuda_find_neighbors: 0 ms
[Time] cuda_set_clusters: 0 ms
[Time] get_dense_sphere: 0 ms
[Time] dense_cell_points_copy: 0 ms
[Time] cell_points_memcpy: 0 ms
[Time] get_centers_radii: 0 ms
[Time] compute_uniq_pos_arr: 0 ms
[Time] set_centers_radii: 0.00750862 ms

[Time] find_neighbors_of_cells: 0 ms
[Time] cluster_dense_cells: 0 ms
[Time] find_neighbor_cells: 0 ms
[Time] put_neighbor_cells_list: 0 ms
[Time] prepare_for_points_in_dense_cells: 0 ms
##############################

